Using pre-set license
Built from '2021.3/staging' branch; Version is '2021.3.21f1 (1b156197d683) revision 1774945'; Using compiler version '192829333'; Build Type 'Release'
OS: 'Windows 10  (10.0.19045) 64bit CoreSingleLanguage' Language: 'en' Physical Memory: 7530 MB
BatchMode: 1, IsHumanControllingUs: 0, StartBugReporterOnCrash: 0, Is64bit: 1, IsPro: 1

COMMAND LINE ARGUMENTS:
D:\Unity\2021.3.21f1\Editor\Unity.exe
-adb2
-batchMode
-noUpm
-name
AssetImportWorker2
-projectPath
C:/Users/tiene/OneDrive/Documents/GitHub/CircusTestS/Circus
-logFile
Logs/AssetImportWorker2.log
-srvPort
55921
Successfully changed project path to: C:/Users/tiene/OneDrive/Documents/GitHub/CircusTestS/Circus
C:/Users/tiene/OneDrive/Documents/GitHub/CircusTestS/Circus
[UnityMemory] Configuration Parameters - Can be set up in boot.config
    "memorysetup-bucket-allocator-granularity=16"
    "memorysetup-bucket-allocator-bucket-count=8"
    "memorysetup-bucket-allocator-block-size=33554432"
    "memorysetup-bucket-allocator-block-count=8"
    "memorysetup-main-allocator-block-size=16777216"
    "memorysetup-thread-allocator-block-size=16777216"
    "memorysetup-gfx-main-allocator-block-size=16777216"
    "memorysetup-gfx-thread-allocator-block-size=16777216"
    "memorysetup-cache-allocator-block-size=4194304"
    "memorysetup-typetree-allocator-block-size=2097152"
    "memorysetup-profiler-bucket-allocator-granularity=16"
    "memorysetup-profiler-bucket-allocator-bucket-count=8"
    "memorysetup-profiler-bucket-allocator-block-size=33554432"
    "memorysetup-profiler-bucket-allocator-block-count=8"
    "memorysetup-profiler-allocator-block-size=16777216"
    "memorysetup-profiler-editor-allocator-block-size=1048576"
    "memorysetup-temp-allocator-size-main=16777216"
    "memorysetup-job-temp-allocator-block-size=2097152"
    "memorysetup-job-temp-allocator-block-size-background=1048576"
    "memorysetup-job-temp-allocator-reduction-small-platforms=262144"
    "memorysetup-temp-allocator-size-background-worker=32768"
    "memorysetup-temp-allocator-size-job-worker=262144"
    "memorysetup-temp-allocator-size-preload-manager=33554432"
    "memorysetup-temp-allocator-size-nav-mesh-worker=65536"
    "memorysetup-temp-allocator-size-audio-worker=65536"
    "memorysetup-temp-allocator-size-cloud-worker=32768"
    "memorysetup-temp-allocator-size-gi-baking-worker=262144"
    "memorysetup-temp-allocator-size-gfx=262144"
Player connection [9084] Host "[IP] 192.168.1.3 [Port] 0 [Flags] 2 [Guid] 323545588 [EditorId] 323545588 [Version] 1048832 [Id] WindowsEditor(7,DESKTOP-M2KDIHE) [Debug] 1 [PackageName] WindowsEditor [ProjectName] Editor" joined multi-casting on [225.0.0.222:54997]...

Player connection [9084] Host "[IP] 192.168.1.3 [Port] 0 [Flags] 2 [Guid] 323545588 [EditorId] 323545588 [Version] 1048832 [Id] WindowsEditor(7,DESKTOP-M2KDIHE) [Debug] 1 [PackageName] WindowsEditor [ProjectName] Editor" joined alternative multi-casting on [225.0.0.222:34997]...

Refreshing native plugins compatible for Editor in 127.81 ms, found 4 plugins.
Preloading 0 native plugins for Editor in 0.00 ms.
Initialize engine version: 2021.3.21f1 (1b156197d683)
[Subsystems] Discovering subsystems at path D:/Unity/2021.3.21f1/Editor/Data/Resources/UnitySubsystems
[Subsystems] Discovering subsystems at path C:/Users/tiene/OneDrive/Documents/GitHub/CircusTestS/Circus/Assets
GfxDevice: creating device client; threaded=0; jobified=0
Direct3D:
    Version:  Direct3D 11.0 [level 11.1]
    Renderer: NVIDIA GeForce GTX 1650 (ID=0x1f9d)
    Vendor:   NVIDIA
    VRAM:     3962 MB
    Driver:   27.21.14.5734
Initialize mono
Mono path[0] = 'D:/Unity/2021.3.21f1/Editor/Data/Managed'
Mono path[1] = 'D:/Unity/2021.3.21f1/Editor/Data/MonoBleedingEdge/lib/mono/unityjit-win32'
Mono config path = 'D:/Unity/2021.3.21f1/Editor/Data/MonoBleedingEdge/etc'
Using monoOptions --debugger-agent=transport=dt_socket,embedding=1,server=y,suspend=n,address=127.0.0.1:56336
Begin MonoManager ReloadAssembly
Registering precompiled unity dll's ...
Register platform support module: D:/Unity/2021.3.21f1/Editor/Data/PlaybackEngines/WebGLSupport/UnityEditor.WebGL.Extensions.dll
Register platform support module: D:/Unity/2021.3.21f1/Editor/Data/PlaybackEngines/WindowsStandaloneSupport/UnityEditor.WindowsStandalone.Extensions.dll
Registered in 0.003922 seconds.
Native extension for WindowsStandalone target not found
Native extension for WebGL target not found
Refreshing native plugins compatible for Editor in 98.70 ms, found 4 plugins.
Preloading 0 native plugins for Editor in 0.00 ms.
Mono: successfully reloaded assembly
- Completed reload, in  0.709 seconds
Domain Reload Profiling:
	ReloadAssembly (710ms)
		BeginReloadAssembly (100ms)
			ExecutionOrderSort (0ms)
			DisableScriptedObjects (0ms)
			BackupInstance (0ms)
			ReleaseScriptingObjects (0ms)
			CreateAndSetChildDomain (1ms)
		EndReloadAssembly (513ms)
			LoadAssemblies (99ms)
			RebuildTransferFunctionScriptingTraits (0ms)
			SetupTypeCache (119ms)
			ReleaseScriptCaches (0ms)
			RebuildScriptCaches (45ms)
			SetupLoadedEditorAssemblies (300ms)
				LogAssemblyErrors (0ms)
				InitializePlatformSupportModulesInManaged (8ms)
				SetLoadedEditorAssemblies (0ms)
				RefreshPlugins (99ms)
				BeforeProcessingInitializeOnLoad (1ms)
				ProcessInitializeOnLoadAttributes (131ms)
				ProcessInitializeOnLoadMethodAttributes (60ms)
				AfterProcessingInitializeOnLoad (0ms)
				EditorAssembliesLoaded (0ms)
			ExecutionOrderSort2 (0ms)
			AwakeInstancesAfterBackupRestoration (0ms)
Platform modules already initialized, skipping
Registering precompiled user dll's ...
Registered in 0.010940 seconds.
Begin MonoManager ReloadAssembly
Symbol file LoadedFromMemory doesn't match image C:\Users\tiene\OneDrive\Documents\GitHub\CircusTestS\Circus\Library\PackageCache\com.unity.visualscripting@1.8.0\Editor\VisualScripting.Core\Dependencies\YamlDotNet\Unity.VisualScripting.YamlDotNet.dll
Symbol file LoadedFromMemory doesn't match image C:\Users\tiene\OneDrive\Documents\GitHub\CircusTestS\Circus\Library\PackageCache\com.unity.visualscripting@1.8.0\Editor\VisualScripting.Core\Dependencies\DotNetZip\Unity.VisualScripting.IonicZip.dll
Native extension for WindowsStandalone target not found
Native extension for WebGL target not found
Refreshing native plugins compatible for Editor in 104.46 ms, found 4 plugins.
Preloading 0 native plugins for Editor in 0.00 ms.
Mono: successfully reloaded assembly
- Completed reload, in  1.623 seconds
Domain Reload Profiling:
	ReloadAssembly (1624ms)
		BeginReloadAssembly (198ms)
			ExecutionOrderSort (0ms)
			DisableScriptedObjects (9ms)
			BackupInstance (0ms)
			ReleaseScriptingObjects (0ms)
			CreateAndSetChildDomain (37ms)
		EndReloadAssembly (1305ms)
			LoadAssemblies (136ms)
			RebuildTransferFunctionScriptingTraits (0ms)
			SetupTypeCache (297ms)
			ReleaseScriptCaches (1ms)
			RebuildScriptCaches (76ms)
			SetupLoadedEditorAssemblies (769ms)
				LogAssemblyErrors (0ms)
				InitializePlatformSupportModulesInManaged (4ms)
				SetLoadedEditorAssemblies (0ms)
				RefreshPlugins (105ms)
				BeforeProcessingInitializeOnLoad (102ms)
				ProcessInitializeOnLoadAttributes (511ms)
				ProcessInitializeOnLoadMethodAttributes (43ms)
				AfterProcessingInitializeOnLoad (3ms)
				EditorAssembliesLoaded (0ms)
			ExecutionOrderSort2 (0ms)
			AwakeInstancesAfterBackupRestoration (6ms)
Platform modules already initialized, skipping
========================================================================
Worker process is ready to serve import requests
Launched and connected shader compiler UnityShaderCompiler.exe after 0.07 seconds
Refreshing native plugins compatible for Editor in 2.16 ms, found 4 plugins.
Preloading 0 native plugins for Editor in 0.00 ms.
Unloading 4312 Unused Serialized files (Serialized files now loaded: 0)
Unloading 44 unused Assets / (162.5 KB). Loaded Objects now: 4779.
Memory consumption went from 162.7 MB to 162.6 MB.
Total: 5.221500 ms (FindLiveObjects: 0.450600 ms CreateObjectMapping: 0.140200 ms MarkObjects: 4.420700 ms  DeleteObjects: 0.208100 ms)

AssetImportParameters requested are different than current active one (requested -> active):
  custom:video-decoder-ogg-theora: a1e56fd34408186e4bbccfd4996cb3dc -> 
  custom:container-muxer-webm: aa71ff27fc2769a1b78a27578f13a17b -> 
  custom:container-demuxer-webm: 4f35f7cbe854078d1ac9338744f61a02 -> 
  custom:video-encoder-webm-vp8: eb34c28f22e8b96e1ab97ce403110664 -> 
  custom:audio-encoder-webm-vorbis: bf7c407c2cedff20999df2af8eb42d56 -> 
  custom:framework-win-MediaFoundation: 216162199b28c13a410421893ffa2e32 -> 
  custom:container-demuxer-ogg: 62fdf1f143b41e24485cea50d1cbac27 -> 
  custom:video-decoder-webm-vp8: 9c59270c3fd7afecdb556c50c9e8de78 -> 
  custom:audio-decoder-ogg-vorbis: bf7c407c2cedff20999df2af8eb42d56 -> 
========================================================================
Received Import Request.
  Time since last request: 900797.352251 seconds.
  path: Assets/skeleton-Hungry_03.png
  artifactKey: Guid(d879d7ba7de59954ab646e790ab997f5) Importer(815301076,1909f56bfc062723c751e8b465ee728b)
Start importing Assets/skeleton-Hungry_03.png using Guid(d879d7ba7de59954ab646e790ab997f5) Importer(815301076,1909f56bfc062723c751e8b465ee728b)  -> (artifact id: 'f8a804d4af325fc0d07aaa49447ff6c8') in 0.162013 seconds 
========================================================================
Received Import Request.
  Time since last request: 0.000044 seconds.
  path: Assets/skeleton-Hungry_01.png
  artifactKey: Guid(fe42d8a82b313964993612c80330d0bd) Importer(815301076,1909f56bfc062723c751e8b465ee728b)
Start importing Assets/skeleton-Hungry_01.png using Guid(fe42d8a82b313964993612c80330d0bd) Importer(815301076,1909f56bfc062723c751e8b465ee728b)  -> (artifact id: '347aecbbc40b39ab3d109d591653681f') in 0.057233 seconds 
========================================================================
Received Import Request.
  Time since last request: 0.000086 seconds.
  path: Assets/skeleton-Hungry_19.png
  artifactKey: Guid(478ba8dc71039904987cec91faf87c2e) Importer(815301076,1909f56bfc062723c751e8b465ee728b)
Start importing Assets/skeleton-Hungry_19.png using Guid(478ba8dc71039904987cec91faf87c2e) Importer(815301076,1909f56bfc062723c751e8b465ee728b)  -> (artifact id: 'dee7d365aafc5168b175f539a088c412') in 0.050826 seconds 
========================================================================
Received Import Request.
  Time since last request: 0.000047 seconds.
  path: Assets/skeleton-Hungry_15.png
  artifactKey: Guid(b67f5eb23d659b74fa036025df595bf3) Importer(815301076,1909f56bfc062723c751e8b465ee728b)
Start importing Assets/skeleton-Hungry_15.png using Guid(b67f5eb23d659b74fa036025df595bf3) Importer(815301076,1909f56bfc062723c751e8b465ee728b)  -> (artifact id: 'ae426a088a3ae611b88eb80ea9cddbcb') in 0.042906 seconds 
========================================================================
Received Import Request.
  Time since last request: 0.000040 seconds.
  path: Assets/skeleton-Hungry_05.png
  artifactKey: Guid(20acd6bdb79789440835fe8be8205b44) Importer(815301076,1909f56bfc062723c751e8b465ee728b)
Start importing Assets/skeleton-Hungry_05.png using Guid(20acd6bdb79789440835fe8be8205b44) Importer(815301076,1909f56bfc062723c751e8b465ee728b)  -> (artifact id: 'eccdc1f98c1f781db37e475a64730dee') in 0.042868 seconds 
========================================================================
Received Import Request.
  Time since last request: 0.000046 seconds.
  path: Assets/skeleton-Hungry_06.png
  artifactKey: Guid(26610f1da21bc9f4d98fef30ac686030) Importer(815301076,1909f56bfc062723c751e8b465ee728b)
Start importing Assets/skeleton-Hungry_06.png using Guid(26610f1da21bc9f4d98fef30ac686030) Importer(815301076,1909f56bfc062723c751e8b465ee728b)  -> (artifact id: 'a967982f13fff7c2ded4057ba15e659e') in 0.040856 seconds 
========================================================================
Received Import Request.
  Time since last request: 0.000037 seconds.
  path: Assets/skeleton-Hungry_08.png
  artifactKey: Guid(f6670abe5c239374b862cca927d48dfb) Importer(815301076,1909f56bfc062723c751e8b465ee728b)
Start importing Assets/skeleton-Hungry_08.png using Guid(f6670abe5c239374b862cca927d48dfb) Importer(815301076,1909f56bfc062723c751e8b465ee728b)  -> (artifact id: '1f45bb3df0416ef9e2fba180e6325599') in 0.038587 seconds 
========================================================================
Received Import Request.
  Time since last request: 0.000034 seconds.
  path: Assets/skeleton-Hungry_22.png
  artifactKey: Guid(592a61c33d82ce443ab5721b2c6e6461) Importer(815301076,1909f56bfc062723c751e8b465ee728b)
Start importing Assets/skeleton-Hungry_22.png using Guid(592a61c33d82ce443ab5721b2c6e6461) Importer(815301076,1909f56bfc062723c751e8b465ee728b)  -> (artifact id: 'a1c72acf2d959306995d3dc14a23cd87') in 0.032527 seconds 
========================================================================
Received Import Request.
  Time since last request: 170.794048 seconds.
  path: Assets/Cuttherope.png
  artifactKey: Guid(8c02047b69931ca42ae0466702c1928a) Importer(815301076,1909f56bfc062723c751e8b465ee728b)
Start importing Assets/Cuttherope.png using Guid(8c02047b69931ca42ae0466702c1928a) Importer(815301076,1909f56bfc062723c751e8b465ee728b)  -> (artifact id: '26cedebab0bd194a4ce30ab7bef81d3c') in 0.087501 seconds 
========================================================================
Received Import Request.
  Time since last request: 132.262650 seconds.
  path: Assets/Cuttherope.png
  artifactKey: Guid(8c02047b69931ca42ae0466702c1928a) Importer(815301076,1909f56bfc062723c751e8b465ee728b)
Start importing Assets/Cuttherope.png using Guid(8c02047b69931ca42ae0466702c1928a) Importer(815301076,1909f56bfc062723c751e8b465ee728b)  -> (artifact id: '2592fcab6035b793da3e997b04da29e7') in 0.280964 seconds 
========================================================================
Received Import Request.
  Time since last request: 3.223952 seconds.
  path: Assets/Cuttherope.tpsheet
  artifactKey: Guid(34b4a83797e479f429f621196e773e6b) Importer(815301076,1909f56bfc062723c751e8b465ee728b)
Start importing Assets/Cuttherope.tpsheet using Guid(34b4a83797e479f429f621196e773e6b) Importer(815301076,1909f56bfc062723c751e8b465ee728b)  -> (artifact id: '538324a7be473fa7a27b7460ac70b316') in 0.005671 seconds 
========================================================================
Received Import Request.
  Time since last request: 43.468728 seconds.
  path: Assets/Cuttherope.png
  artifactKey: Guid(8c02047b69931ca42ae0466702c1928a) Importer(815301076,1909f56bfc062723c751e8b465ee728b)
Start importing Assets/Cuttherope.png using Guid(8c02047b69931ca42ae0466702c1928a) Importer(815301076,1909f56bfc062723c751e8b465ee728b)  -> (artifact id: '7210e86da10cd2e9d1d8ac1e4224bedf') in 0.242788 seconds 
========================================================================
Received Import Request.
  Time since last request: 352.624956 seconds.
  path: Assets/Cuttherope.png
  artifactKey: Guid(8c02047b69931ca42ae0466702c1928a) Importer(815301076,1909f56bfc062723c751e8b465ee728b)
Start importing Assets/Cuttherope.png using Guid(8c02047b69931ca42ae0466702c1928a) Importer(815301076,1909f56bfc062723c751e8b465ee728b)  -> (artifact id: '3ecca1d23ab54df5929050a8e1f3d211') in 0.277744 seconds 
========================================================================
Received Import Request.
  Time since last request: 1422.102036 seconds.
  path: Assets/skeleton-Hungry_00.png
  artifactKey: Guid(e50142e867c578147b2274cc8f3a1cc1) Importer(815301076,1909f56bfc062723c751e8b465ee728b)
Start importing Assets/skeleton-Hungry_00.png using Guid(e50142e867c578147b2274cc8f3a1cc1) Importer(815301076,1909f56bfc062723c751e8b465ee728b)  -> (artifact id: '457480188189b13ffd68f25805d85277') in 0.060553 seconds 
========================================================================
Received Import Request.
  Time since last request: 0.009811 seconds.
  path: Assets/skeleton-Hungry_03.png
  artifactKey: Guid(d879d7ba7de59954ab646e790ab997f5) Importer(815301076,1909f56bfc062723c751e8b465ee728b)
Start importing Assets/skeleton-Hungry_03.png using Guid(d879d7ba7de59954ab646e790ab997f5) Importer(815301076,1909f56bfc062723c751e8b465ee728b)  -> (artifact id: '0498ca190ce86458d4cadafe3d477218') in 0.052402 seconds 
========================================================================
Received Import Request.
  Time since last request: 0.000040 seconds.
  path: Assets/skeleton-Hungry_14.png
  artifactKey: Guid(0b1e872594401ca44a891a51a4b26be1) Importer(815301076,1909f56bfc062723c751e8b465ee728b)
Start importing Assets/skeleton-Hungry_14.png using Guid(0b1e872594401ca44a891a51a4b26be1) Importer(815301076,1909f56bfc062723c751e8b465ee728b)  -> (artifact id: '8f8fb3b9845178c313184d41f1c86ec1') in 0.047638 seconds 
========================================================================
Received Import Request.
  Time since last request: 0.000043 seconds.
  path: Assets/skeleton-Hungry_21.png
  artifactKey: Guid(13d7c29a4c7fa1a42b396b0ba9e49dd5) Importer(815301076,1909f56bfc062723c751e8b465ee728b)
Start importing Assets/skeleton-Hungry_21.png using Guid(13d7c29a4c7fa1a42b396b0ba9e49dd5) Importer(815301076,1909f56bfc062723c751e8b465ee728b)  -> (artifact id: '21f659b6a0535eb4458f07681a68c7b3') in 0.042968 seconds 
========================================================================
Received Import Request.
  Time since last request: 0.000049 seconds.
  path: Assets/skeleton-Hungry_20.png
  artifactKey: Guid(87c1e783ac977724db57a4cf69b66b1d) Importer(815301076,1909f56bfc062723c751e8b465ee728b)
Start importing Assets/skeleton-Hungry_20.png using Guid(87c1e783ac977724db57a4cf69b66b1d) Importer(815301076,1909f56bfc062723c751e8b465ee728b)  -> (artifact id: 'b814a25f3c052f1fc8f00694c874f65c') in 0.054877 seconds 
========================================================================
Received Import Request.
  Time since last request: 0.000054 seconds.
  path: Assets/skeleton-Hungry_19.png
  artifactKey: Guid(478ba8dc71039904987cec91faf87c2e) Importer(815301076,1909f56bfc062723c751e8b465ee728b)
Start importing Assets/skeleton-Hungry_19.png using Guid(478ba8dc71039904987cec91faf87c2e) Importer(815301076,1909f56bfc062723c751e8b465ee728b)  -> (artifact id: '6d16cfaec7f7cd2309d976725530f434') in 0.049870 seconds 
========================================================================
Received Import Request.
  Time since last request: 0.000041 seconds.
  path: Assets/skeleton-Hungry_02.png
  artifactKey: Guid(c4c01526420188044af3f712af1a4e96) Importer(815301076,1909f56bfc062723c751e8b465ee728b)
Start importing Assets/skeleton-Hungry_02.png using Guid(c4c01526420188044af3f712af1a4e96) Importer(815301076,1909f56bfc062723c751e8b465ee728b)  -> (artifact id: '537ae5da8a4eb915feffb7b298c53f82') in 0.048674 seconds 
========================================================================
Received Import Request.
  Time since last request: 0.000062 seconds.
  path: Assets/skeleton-Hungry_10.png
  artifactKey: Guid(202630bf39fe8a543869600c236a9c97) Importer(815301076,1909f56bfc062723c751e8b465ee728b)
Start importing Assets/skeleton-Hungry_10.png using Guid(202630bf39fe8a543869600c236a9c97) Importer(815301076,1909f56bfc062723c751e8b465ee728b)  -> (artifact id: '4a342846abe76b78a6519bec2d153dd3') in 0.042645 seconds 
========================================================================
Received Import Request.
  Time since last request: 0.000046 seconds.
  path: Assets/skeleton-Hungry_05.png
  artifactKey: Guid(20acd6bdb79789440835fe8be8205b44) Importer(815301076,1909f56bfc062723c751e8b465ee728b)
Start importing Assets/skeleton-Hungry_05.png using Guid(20acd6bdb79789440835fe8be8205b44) Importer(815301076,1909f56bfc062723c751e8b465ee728b)  -> (artifact id: '10f5309ad96dc9bf55f8397c312ff5db') in 0.040165 seconds 
========================================================================
Received Import Request.
  Time since last request: 0.000051 seconds.
  path: Assets/skeleton-Hungry_06.png
  artifactKey: Guid(26610f1da21bc9f4d98fef30ac686030) Importer(815301076,1909f56bfc062723c751e8b465ee728b)
Start importing Assets/skeleton-Hungry_06.png using Guid(26610f1da21bc9f4d98fef30ac686030) Importer(815301076,1909f56bfc062723c751e8b465ee728b)  -> (artifact id: '8e4bede56adf1b5eadecd26f5b83683b') in 0.042452 seconds 
========================================================================
Received Import Request.
  Time since last request: 0.000058 seconds.
  path: Assets/skeleton-Hungry_04.png
  artifactKey: Guid(b3caa3dd7784b4d48a9e432bd8b88b04) Importer(815301076,1909f56bfc062723c751e8b465ee728b)
Start importing Assets/skeleton-Hungry_04.png using Guid(b3caa3dd7784b4d48a9e432bd8b88b04) Importer(815301076,1909f56bfc062723c751e8b465ee728b)  -> (artifact id: '28d5765d8a6b0c04b2e763d61ecbc61f') in 0.054772 seconds 
========================================================================
Received Import Request.
  Time since last request: 0.000033 seconds.
  path: Assets/skeleton-Hungry_12.png
  artifactKey: Guid(abb1b16152f1ff1489f5c9019299c413) Importer(815301076,1909f56bfc062723c751e8b465ee728b)
Start importing Assets/skeleton-Hungry_12.png using Guid(abb1b16152f1ff1489f5c9019299c413) Importer(815301076,1909f56bfc062723c751e8b465ee728b)  -> (artifact id: 'd0b5b4e532ec3b268c16ac432284a3b1') in 0.043261 seconds 
========================================================================
Received Import Request.
  Time since last request: 0.000037 seconds.
  path: Assets/skeleton-Hungry_22.png
  artifactKey: Guid(592a61c33d82ce443ab5721b2c6e6461) Importer(815301076,1909f56bfc062723c751e8b465ee728b)
Start importing Assets/skeleton-Hungry_22.png using Guid(592a61c33d82ce443ab5721b2c6e6461) Importer(815301076,1909f56bfc062723c751e8b465ee728b)  -> (artifact id: '7d1aca4b2bc3f61a3aa24cd8402a93da') in 0.046046 seconds 
